<?xml version="1.0" encoding="UTF-8"?>
<testsuite name="ComputerRepairRequestTest" tests="2" skipped="0" failures="0" errors="0" timestamp="2025-03-05T14:27:45" hostname="RAUL" time="0.023">
  <properties/>
  <testcase name="first test" classname="ComputerRepairRequestTest" time="0.017"/>
  <testcase name="second test" classname="ComputerRepairRequestTest" time="0.003"/>
  <system-out><![CDATA[]]></system-out>
  <system-err><![CDATA[]]></system-err>
</testsuite>
